Arguments: 
  C:\Program Files\nodejs\node.exe C:\Program Files (x86)\Yarn\bin\yarn.js add @tensorflow-tfjs

PATH: 
  C:\Program Files\Git\mingw64\bin;C:\Program Files\Git\usr\bin;C:\Users\Christian.Siedentop\bin;C:\Program Files (x86)\Common Files\Oracle\Java\javapath;C:\Program Files\Java\jdk1.8.0_201;C:\WINDOWS\system32;C:\WINDOWS;C:\WINDOWS\System32\Wbem;C:\WINDOWS\System32\WindowsPowerShell\v1.0;C:\Program Files\PuTTY;C:\WINDOWS\System32\OpenSSH;C:\Program Files\Git\cmd;C:\Program Files\Git\mingw64\bin;C:\Program Files\Git\usr\bin;C:\Program Files\TortoiseGit\bin;C:\Program Files\nodejs;C:\Program Files\MySQL\MySQL Utilities 1.6;C:\Program Files (x86)\Yarn\bin;C:\Users\Christian.Siedentop\.windows-build-tools\python27;C:\Program Files\MySQL\MySQL Shell 8.0\bin;C:\Users\Christian.Siedentop\AppData\Local\Yarn\bin;C:\Users\Christian.Siedentop\AppData\Local\Programs\Microsoft VS Code\bin

Yarn version: 
  1.15.2

Node version: 
  10.15.3

Platform: 
  win32 x64

Trace: 
  Error: https://registry.yarnpkg.com/@tensorflow-tfjs: Request "https://registry.yarnpkg.com/@tensorflow-tfjs" returned a 405
      at Request.params.callback [as _callback] (C:\Program Files (x86)\Yarn\lib\cli.js:65176:18)
      at Request.self.callback (C:\Program Files (x86)\Yarn\lib\cli.js:129541:22)
      at Request.emit (events.js:189:13)
      at Request.<anonymous> (C:\Program Files (x86)\Yarn\lib\cli.js:130513:10)
      at Request.emit (events.js:189:13)
      at IncomingMessage.<anonymous> (C:\Program Files (x86)\Yarn\lib\cli.js:130435:12)
      at Object.onceWrapper (events.js:277:13)
      at IncomingMessage.emit (events.js:194:15)
      at endReadableNT (_stream_readable.js:1125:12)
      at process._tickCallback (internal/process/next_tick.js:63:19)

npm manifest: 
  {
    "dependencies": {
      "@tensorflow/tfjs": "^1.2.11"
    }
  }

yarn manifest: 
  No manifest

Lockfile: 
  # THIS IS AN AUTOGENERATED FILE. DO NOT EDIT THIS FILE DIRECTLY.
  # yarn lockfile v1
  
  
  "@tensorflow/tfjs-converter@1.2.11":
    version "1.2.11"
    resolved "https://registry.yarnpkg.com/@tensorflow/tfjs-converter/-/tfjs-converter-1.2.11.tgz#c81a8bde669179e20e676dba790eeca61fa6ce0a"
    integrity sha512-3Qg3k6x9ZbAFSCJTSC2anaM40Fs04+PGFw/uRvupWHmns6D5ni9RzTH2thef9hzBT2V/UHnlnHs7RYJqQNTThA==
  
  "@tensorflow/tfjs-core@1.2.11":
    version "1.2.11"
    resolved "https://registry.yarnpkg.com/@tensorflow/tfjs-core/-/tfjs-core-1.2.11.tgz#6bd870338cece217610613600ed4c20fdd13e201"
    integrity sha512-guqqD5bb5BTaTvUVWhG1xCXB0NuA5rv0indSEEOpMfqqBvtSwKp02heDGDcPOSUnmdB8V/HJbcyX2wRBXztQpA==
    dependencies:
      "@types/offscreencanvas" "~2019.3.0"
      "@types/seedrandom" "2.4.27"
      "@types/webgl-ext" "0.0.30"
      "@types/webgl2" "0.0.4"
      node-fetch "~2.1.2"
      seedrandom "2.4.3"
  
  "@tensorflow/tfjs-data@1.2.11":
    version "1.2.11"
    resolved "https://registry.yarnpkg.com/@tensorflow/tfjs-data/-/tfjs-data-1.2.11.tgz#408fcb1f00cf4fc6f6bf8ea9504e3b9528251490"
    integrity sha512-xrRekVbwWgW1Cyaqh+1x0Tq3CQkePm/G94eGLcH6IbcoBp0syKKUCD0vHkaGn7GkUGFJkej5yHXsh0ujrbxd+A==
    dependencies:
      "@types/node-fetch" "^2.1.2"
      node-fetch "~2.1.2"
  
  "@tensorflow/tfjs-layers@1.2.11":
    version "1.2.11"
    resolved "https://registry.yarnpkg.com/@tensorflow/tfjs-layers/-/tfjs-layers-1.2.11.tgz#55d44374a05af2aad1d6d6621e92c7ec52fddf80"
    integrity sha512-Ye/b0pwB9KVW5IbRP9UNSXPUvizP8VdaKVFzT2C6JJpUE97LznItbYDJjO60ND/Cl0uj7ttvxPwlYb7HYo+e6g==
  
  "@tensorflow/tfjs@^1.2.11":
    version "1.2.11"
    resolved "https://registry.yarnpkg.com/@tensorflow/tfjs/-/tfjs-1.2.11.tgz#3d5a6e535069fc6139e778d28e02a84331eb753c"
    integrity sha512-q1SIEMiR+Vqq8Fnmt/YGBC5tNq97LXDvUEl8SwWedhLtK1GJCpLMJXQA54JrkFXGLv5hK4dEb+1dx28TJUET2g==
    dependencies:
      "@tensorflow/tfjs-converter" "1.2.11"
      "@tensorflow/tfjs-core" "1.2.11"
      "@tensorflow/tfjs-data" "1.2.11"
      "@tensorflow/tfjs-layers" "1.2.11"
  
  "@types/node-fetch@^2.1.2":
    version "2.5.2"
    resolved "https://registry.yarnpkg.com/@types/node-fetch/-/node-fetch-2.5.2.tgz#76906dea5b3d6901e50e63e15249c9bcd6e9676e"
    integrity sha512-djYYKmdNRSBtL1x4CiE9UJb9yZhwtI1VC+UxZD0psNznrUj80ywsxKlEGAE+QL1qvLjPbfb24VosjkYM6W4RSQ==
    dependencies:
      "@types/node" "*"
  
  "@types/node@*":
    version "12.7.11"
    resolved "https://registry.yarnpkg.com/@types/node/-/node-12.7.11.tgz#be879b52031cfb5d295b047f5462d8ef1a716446"
    integrity sha512-Otxmr2rrZLKRYIybtdG/sgeO+tHY20GxeDjcGmUnmmlCWyEnv2a2x1ZXBo3BTec4OiTXMQCiazB8NMBf0iRlFw==
  
  "@types/offscreencanvas@~2019.3.0":
    version "2019.3.0"
    resolved "https://registry.yarnpkg.com/@types/offscreencanvas/-/offscreencanvas-2019.3.0.tgz#3336428ec7e9180cf4566dfea5da04eb586a6553"
    integrity sha512-esIJx9bQg+QYF0ra8GnvfianIY8qWB0GBx54PK5Eps6m+xTj86KLavHv6qDhzKcu5UUOgNfJ2pWaIIV7TRUd9Q==
  
  "@types/seedrandom@2.4.27":
    version "2.4.27"
    resolved "https://registry.yarnpkg.com/@types/seedrandom/-/seedrandom-2.4.27.tgz#9db563937dd86915f69092bc43259d2f48578e41"
    integrity sha1-nbVjk33YaRX2kJK8QyWdL0hXjkE=
  
  "@types/webgl-ext@0.0.30":
    version "0.0.30"
    resolved "https://registry.yarnpkg.com/@types/webgl-ext/-/webgl-ext-0.0.30.tgz#0ce498c16a41a23d15289e0b844d945b25f0fb9d"
    integrity sha512-LKVgNmBxN0BbljJrVUwkxwRYqzsAEPcZOe6S2T6ZaBDIrFp0qu4FNlpc5sM1tGbXUYFgdVQIoeLk1Y1UoblyEg==
  
  "@types/webgl2@0.0.4":
    version "0.0.4"
    resolved "https://registry.yarnpkg.com/@types/webgl2/-/webgl2-0.0.4.tgz#c3b0f9d6b465c66138e84e64cb3bdf8373c2c279"
    integrity sha512-PACt1xdErJbMUOUweSrbVM7gSIYm1vTncW2hF6Os/EeWi6TXYAYMPp+8v6rzHmypE5gHrxaxZNXgMkJVIdZpHw==
  
  node-fetch@~2.1.2:
    version "2.1.2"
    resolved "https://registry.yarnpkg.com/node-fetch/-/node-fetch-2.1.2.tgz#ab884e8e7e57e38a944753cec706f788d1768bb5"
    integrity sha1-q4hOjn5X44qUR1POxwb3iNF2i7U=
  
  seedrandom@2.4.3:
    version "2.4.3"
    resolved "https://registry.yarnpkg.com/seedrandom/-/seedrandom-2.4.3.tgz#2438504dad33917314bff18ac4d794f16d6aaecc"
    integrity sha1-JDhQTa0zkXMUv/GKxNeU8W1qrsw=
